
> ecosnap@1.0.0 start
> expo start --clear

Starting project at D:\ecothn\Eco_Snap\frontend\app@latest
Using src/app as the root directory for Expo Router.
React Compiler enabled
Starting Metro Bundler
warning: Bundler cache is empty, rebuilding (this may take a minute)
Waiting on http://localhost:8081
Logs for your project will appear below.
Web node_modules\expo-router\entry.js ░░░░░░░░░░░░░░░░  0.0% (0/1)
Web node_modules\expo-router\entry.js ▓▓▓▓░░░░░░░░░░░░ 25.0% (16/91)
λ node_modules\expo-router\node\render.js ▓▓▓▓▓▓▓░░░░░░░░░ 45.7% (338/500)
Web node_modules\expo-router\entry.js ░░░░░░░░░░░░░░░░  0.0% (0/1)
λ node_modules\expo-router\node\render.js ░░░░░░░░░░░░░░░░  0.0% (0/1)
Web node_modules\expo-router\entry.js ▓▓▓▓▓▓░░░░░░░░░░ 38.1% (257/432)
λ node_modules\expo-router\node\render.js ▓▓▓▓▓▓▓▓▓░░░░░░░ 62.0% (678/861)
Web node_modules\expo-router\entry.js ░░░░░░░░░░░░░░░░  0.0% (0/1)
λ node_modules\expo-router\node\render.js ░░░░░░░░░░░░░░░░  0.0% (0/1)
Web node_modules\expo-router\entry.js ▓▓▓▓▓▓▓▓▓░░░░░░░ 59.1% (420/574)
λ node_modules\expo-router\node\render.js ▓▓▓▓▓▓▓▓▓▓▓▓░░░░ 76.7% (1015/1159)
Web node_modules\expo-router\entry.js ░░░░░░░░░░░░░░░░  0.0% (0/1)
λ node_modules\expo-router\node\render.js ░░░░░░░░░░░░░░░░  0.0% (0/1)
Web node_modules\expo-router\entry.js ▓▓▓▓▓▓▓▓▓▓▓▓▓░░░ 81.9% (810/922)
λ node_modules\expo-router\node\render.js ▓▓▓▓▓▓▓▓▓▓▓▓▓▓▓░ 95.5% (1323/1354)
Web node_modules\expo-router\entry.js ░░░░░░░░░░░░░░░░  0.0% (0/1)
λ node_modules\expo-router\node\render.js ░░░░░░░░░░░░░░░░  0.0% (0/1)
λ Bundled 16838ms node_modules\expo-router\node\render.js (1457 modules)
λ Bundled 16862ms node_modules\expo-router\node\render.js (1 module)
Web node_modules\expo-router\entry.js ▓▓▓▓▓▓▓▓▓▓▓▓▓▓▓░ 99.9% (1249/1249)
Web node_modules\expo-router\entry.js ░░░░░░░░░░░░░░░░  0.0% (0/1)

Web node_modules\expo-router\entry.js ▓▓▓▓▓▓▓▓▓▓▓▓▓▓▓░ 99.9% (1249/1249)
Web node_modules\expo-router\entry.js ░░░░░░░░░░░░░░░░  0.0% (0/1)
Metro error: Requiring unknown module "ws". If you are sure the module exists, try restarting Metro. You may also want to run `yarn` or `npm install`.

Call Stack
  factory (src\lib\supabase.web.ts)
  factory (src\components\app-tabs.shared.tsx)
Web node_modules\expo-router\entry.js ▓▓▓▓▓▓▓▓▓▓▓▓▓▓▓░ 99.9% (1249/1249)
Web node_modules\expo-router\entry.js ░░░░░░░░░░░░░░░░  0.0% (0/1)

Metro error: Requiring unknown module "ws". If you are sure the module exists, try restarting Metro. You may also want to run `yarn` or `npm install`.

Call Stack
  factory (src\lib\supabase.web.ts)
  factory (src\components\app-tabs.shared.tsx)
Web node_modules\expo-router\entry.js ▓▓▓▓▓▓▓▓▓▓▓▓▓▓▓░ 99.9% (1249/1249)
Web node_modules\expo-router\entry.js ░░░░░░░░░░░░░░░░  0.0% (0/1)
Web Bundled 22501ms node_modules\expo-router\entry.js (1249 modules)
Web Bundled 22481ms node_modules\expo-router\entry.js (1 module)
Web Bundled 1668ms node_modules\expo-router\_error.js (307 modules)
 LOG  [web] Logs will appear in the browser console
